2025-10-30 07:48:28,195 - REASONING - {
  "analytical_summary": "Summary",
  "hypotheses": [],
  "recommendations": [],
  "next_steps": [
    {
      "module": "new_module",
      "params": {
        "p": 1
      }
    },
    {
      "module": "another_module",
      "params": {
        "p": 2
      }
    }
  ]
}
2025-10-30 07:48:28,199 - REASONING - {
  "analytical_summary": "Summary",
  "hypotheses": [],
  "recommendations": [],
  "next_steps": [
    {
      "module": "new_module",
      "params": {
        "p": 1
      }
    }
  ]
}
2025-10-30 07:48:28,200 - REASONING - {
  "analytical_summary": "Summary",
  "hypotheses": [],
  "recommendations": [],
  "next_steps": [
    {
      "module": "recursive_module",
      "params": {
        "p": 1
      }
    }
  ]
}
2025-10-30 07:48:28,202 - REASONING - {
  "analytical_summary": "Summary based on fallback.",
  "hypotheses": [],
  "recommendations": [],
  "next_steps": []
}
